<?xml version="1.0" encoding="UTF-8"?>
<!-- Generated by org.testng.reporters.JUnitReportReporter -->
<testsuite hostname="DESKTOP-IPVOHCG" failures="0" tests="1" name="maventesting.demo.MavenDemo" time="4.144" errors="0" timestamp="2024-11-06T09:33:53 IST" skipped="0">
  <testcase classname="maventesting.demo.MavenDemo" name="setUp" time="4.144"/>
  <system-out/>
</testsuite> <!-- maventesting.demo.MavenDemo -->
